----------

Mon May 03 2021 15:33:24 GMT-0700 (Pacific Daylight Time)

fatal: could not read Username for 'https://github.com': Device not configured


----------

Mon May 03 2021 16:28:30 GMT-0700 (Pacific Daylight Time)

fatal: could not read Username for 'https://github.com': Device not configured


----------

Mon May 03 2021 16:32:02 GMT-0700 (Pacific Daylight Time)

fatal: could not read Username for 'https://github.com': Device not configured


----------

Mon May 03 2021 18:00:23 GMT-0700 (Pacific Daylight Time)

fatal: could not read Username for 'https://github.com': Device not configured


----------

Mon May 03 2021 19:04:12 GMT-0700 (Pacific Daylight Time)

fatal: could not read Username for 'https://github.com': Device not configured


----------

Mon May 03 2021 22:13:17 GMT-0700 (Pacific Daylight Time)

fatal: could not read Username for 'https://github.com': Device not configured


----------

Tue May 04 2021 10:13:11 GMT-0700 (Pacific Daylight Time)

fatal: could not read Username for 'https://github.com': Device not configured


----------

Thu May 06 2021 11:05:42 GMT-0700 (Pacific Daylight Time)

fatal: could not read Username for 'https://github.com': Device not configured


----------

Thu May 06 2021 11:10:56 GMT-0700 (Pacific Daylight Time)

fatal: could not read Username for 'https://github.com': Device not configured


----------

Thu May 06 2021 12:43:50 GMT-0700 (Pacific Daylight Time)

fatal: could not read Username for 'https://github.com': Device not configured


----------

Thu May 06 2021 12:44:10 GMT-0700 (Pacific Daylight Time)

fatal: could not read Username for 'https://github.com': Device not configured


----------

Thu May 06 2021 12:59:07 GMT-0700 (Pacific Daylight Time)

fatal: could not read Username for 'https://github.com': Device not configured


----------

Thu May 06 2021 12:59:27 GMT-0700 (Pacific Daylight Time)

fatal: could not read Username for 'https://github.com': Device not configured


----------

Thu May 06 2021 13:12:44 GMT-0700 (Pacific Daylight Time)

fatal: could not read Username for 'https://github.com': Device not configured


----------

Thu May 13 2021 09:26:01 GMT-0700 (Pacific Daylight Time)

fatal: could not read Username for 'https://github.com': Device not configured


----------

Tue May 18 2021 22:07:59 GMT-0700 (Pacific Daylight Time)

fatal: could not read Username for 'https://github.com': Device not configured


----------

Tue May 18 2021 22:33:56 GMT-0700 (Pacific Daylight Time)

fatal: could not read Username for 'https://github.com': Device not configured


